mode: set
project/cmd/server/main.go:9.13,12.2 2 0
project/cmd/server/main.go:14.31,28.2 10 0
project/internal/controller/itemCon.go:11.33,13.2 1 1
project/internal/controller/itemCon.go:16.52,23.2 2 1
project/internal/controller/itemCon.go:26.53,30.2 3 1
project/internal/controller/itemCon.go:33.52,35.44 2 1
project/internal/controller/itemCon.go:35.44,37.3 1 1
project/internal/controller/itemCon.go:38.2,39.21 2 1
project/internal/controller/itemCon.go:43.52,46.44 3 1
project/internal/controller/itemCon.go:46.44,48.3 1 1
project/internal/controller/itemCon.go:49.2,50.21 2 1
project/internal/controller/itemCon.go:54.52,57.2 2 1
