{"/Users/suphasan/Desktop/InternshipProject/internal/service/routeService.ts": {"path":"/Users/suphasan/Desktop/InternshipProject/internal/service/routeService.ts","statementMap":{"0":{"start":{"line":5,"column":0},"end":{"line":5,"column":37}},"1":{"start":{"line":6,"column":0},"end":{"line":6,"column":45}},"2":{"start":{"line":10,"column":21},"end":{"line":10,"column":53}},"3":{"start":{"line":11,"column":21},"end":{"line":11,"column":51}},"4":{"start":{"line":12,"column":21},"end":{"line":12,"column":51}},"5":{"start":{"line":21,"column":4},"end":{"line":21,"column":31}},"6":{"start":{"line":23,"column":17},"end":{"line":23,"column":34}},"7":{"start":{"line":24,"column":17},"end":{"line":24,"column":21}},"8":{"start":{"line":26,"column":26},"end":{"line":30,"column":null}},"9":{"start":{"line":33,"column":4},"end":{"line":39,"column":6}},"10":{"start":{"line":43,"column":18},"end":{"line":43,"column":61}},"11":{"start":{"line":45,"column":4},"end":{"line":47,"column":5}},"12":{"start":{"line":46,"column":6},"end":{"line":46,"column":49}},"13":{"start":{"line":49,"column":4},"end":{"line":51,"column":5}},"14":{"start":{"line":50,"column":6},"end":{"line":50,"column":67}},"15":{"start":{"line":53,"column":4},"end":{"line":53,"column":17}},"16":{"start":{"line":57,"column":4},"end":{"line":59,"column":5}},"17":{"start":{"line":58,"column":6},"end":{"line":58,"column":67}},"18":{"start":{"line":61,"column":17},"end":{"line":61,"column":70}},"19":{"start":{"line":62,"column":4},"end":{"line":64,"column":5}},"20":{"start":{"line":63,"column":6},"end":{"line":63,"column":48}},"21":{"start":{"line":66,"column":4},"end":{"line":68,"column":5}},"22":{"start":{"line":67,"column":6},"end":{"line":67,"column":66}},"23":{"start":{"line":70,"column":17},"end":{"line":70,"column":70}},"24":{"start":{"line":71,"column":4},"end":{"line":73,"column":5}},"25":{"start":{"line":72,"column":6},"end":{"line":72,"column":48}},"26":{"start":{"line":75,"column":4},"end":{"line":77,"column":5}},"27":{"start":{"line":76,"column":6},"end":{"line":76,"column":66}},"28":{"start":{"line":79,"column":4},"end":{"line":79,"column":45}},"29":{"start":{"line":83,"column":26},"end":{"line":83,"column":69}},"30":{"start":{"line":84,"column":4},"end":{"line":86,"column":5}},"31":{"start":{"line":85,"column":6},"end":{"line":85,"column":49}},"32":{"start":{"line":88,"column":4},"end":{"line":90,"column":5}},"33":{"start":{"line":89,"column":6},"end":{"line":89,"column":67}},"34":{"start":{"line":92,"column":17},"end":{"line":92,"column":70}},"35":{"start":{"line":93,"column":4},"end":{"line":95,"column":5}},"36":{"start":{"line":94,"column":6},"end":{"line":94,"column":48}},"37":{"start":{"line":97,"column":4},"end":{"line":99,"column":5}},"38":{"start":{"line":98,"column":6},"end":{"line":98,"column":66}},"39":{"start":{"line":101,"column":17},"end":{"line":101,"column":70}},"40":{"start":{"line":102,"column":4},"end":{"line":104,"column":5}},"41":{"start":{"line":103,"column":6},"end":{"line":103,"column":48}},"42":{"start":{"line":106,"column":4},"end":{"line":108,"column":5}},"43":{"start":{"line":107,"column":6},"end":{"line":107,"column":66}},"44":{"start":{"line":110,"column":4},"end":{"line":110,"column":54}},"45":{"start":{"line":114,"column":26},"end":{"line":114,"column":69}},"46":{"start":{"line":115,"column":4},"end":{"line":117,"column":5}},"47":{"start":{"line":116,"column":6},"end":{"line":116,"column":49}},"48":{"start":{"line":119,"column":4},"end":{"line":121,"column":5}},"49":{"start":{"line":120,"column":6},"end":{"line":120,"column":67}},"50":{"start":{"line":123,"column":4},"end":{"line":123,"column":48}},"51":{"start":{"line":8,"column":0},"end":{"line":8,"column":13}}},"fnMap":{"0":{"name":"(anonymous_7)","decl":{"start":{"line":9,"column":2},"end":{"line":9,"column":null}},"loc":{"start":{"line":12,"column":51},"end":{"line":13,"column":6}}},"1":{"name":"(anonymous_8)","decl":{"start":{"line":15,"column":8},"end":{"line":15,"column":23}},"loc":{"start":{"line":19,"column":18},"end":{"line":40,"column":null}}},"2":{"name":"(anonymous_10)","decl":{"start":{"line":42,"column":8},"end":{"line":42,"column":15}},"loc":{"start":{"line":42,"column":46},"end":{"line":54,"column":null}}},"3":{"name":"(anonymous_12)","decl":{"start":{"line":56,"column":8},"end":{"line":56,"column":14}},"loc":{"start":{"line":56,"column":41},"end":{"line":80,"column":null}}},"4":{"name":"(anonymous_14)","decl":{"start":{"line":82,"column":8},"end":{"line":82,"column":14}},"loc":{"start":{"line":82,"column":58},"end":{"line":111,"column":null}}},"5":{"name":"(anonymous_16)","decl":{"start":{"line":113,"column":8},"end":{"line":113,"column":14}},"loc":{"start":{"line":113,"column":45},"end":{"line":124,"column":null}}}},"branchMap":{"0":{"loc":{"start":{"line":45,"column":4},"end":{"line":47,"column":5}},"type":"if","locations":[{"start":{"line":45,"column":4},"end":{"line":47,"column":5}}]},"1":{"loc":{"start":{"line":49,"column":4},"end":{"line":51,"column":5}},"type":"if","locations":[{"start":{"line":49,"column":4},"end":{"line":51,"column":5}}]},"2":{"loc":{"start":{"line":57,"column":4},"end":{"line":59,"column":5}},"type":"if","locations":[{"start":{"line":57,"column":4},"end":{"line":59,"column":5}}]},"3":{"loc":{"start":{"line":62,"column":4},"end":{"line":64,"column":5}},"type":"if","locations":[{"start":{"line":62,"column":4},"end":{"line":64,"column":5}}]},"4":{"loc":{"start":{"line":66,"column":4},"end":{"line":68,"column":5}},"type":"if","locations":[{"start":{"line":66,"column":4},"end":{"line":68,"column":5}}]},"5":{"loc":{"start":{"line":71,"column":4},"end":{"line":73,"column":5}},"type":"if","locations":[{"start":{"line":71,"column":4},"end":{"line":73,"column":5}}]},"6":{"loc":{"start":{"line":75,"column":4},"end":{"line":77,"column":5}},"type":"if","locations":[{"start":{"line":75,"column":4},"end":{"line":77,"column":5}}]},"7":{"loc":{"start":{"line":84,"column":4},"end":{"line":86,"column":5}},"type":"if","locations":[{"start":{"line":84,"column":4},"end":{"line":86,"column":5}}]},"8":{"loc":{"start":{"line":88,"column":4},"end":{"line":90,"column":5}},"type":"if","locations":[{"start":{"line":88,"column":4},"end":{"line":90,"column":5}}]},"9":{"loc":{"start":{"line":93,"column":4},"end":{"line":95,"column":5}},"type":"if","locations":[{"start":{"line":93,"column":4},"end":{"line":95,"column":5}}]},"10":{"loc":{"start":{"line":97,"column":4},"end":{"line":99,"column":5}},"type":"if","locations":[{"start":{"line":97,"column":4},"end":{"line":99,"column":5}}]},"11":{"loc":{"start":{"line":102,"column":4},"end":{"line":104,"column":5}},"type":"if","locations":[{"start":{"line":102,"column":4},"end":{"line":104,"column":5}}]},"12":{"loc":{"start":{"line":106,"column":4},"end":{"line":108,"column":5}},"type":"if","locations":[{"start":{"line":106,"column":4},"end":{"line":108,"column":5}}]},"13":{"loc":{"start":{"line":115,"column":4},"end":{"line":117,"column":5}},"type":"if","locations":[{"start":{"line":115,"column":4},"end":{"line":117,"column":5}}]},"14":{"loc":{"start":{"line":119,"column":4},"end":{"line":121,"column":5}},"type":"if","locations":[{"start":{"line":119,"column":4},"end":{"line":121,"column":5}}]}},"s":{"0":1,"1":1,"2":16,"3":16,"4":16,"5":1,"6":1,"7":1,"8":1,"9":1,"10":3,"11":3,"12":1,"13":2,"14":1,"15":1,"16":6,"17":6,"18":0,"19":0,"20":0,"21":0,"22":0,"23":0,"24":0,"25":0,"26":0,"27":0,"28":0,"29":3,"30":3,"31":1,"32":2,"33":2,"34":0,"35":0,"36":0,"37":0,"38":0,"39":0,"40":0,"41":0,"42":0,"43":0,"44":0,"45":3,"46":3,"47":1,"48":2,"49":2,"50":0,"51":1},"f":{"0":16,"1":1,"2":3,"3":6,"4":3,"5":3},"b":{"0":[1],"1":[1],"2":[6],"3":[0],"4":[0],"5":[0],"6":[0],"7":[1],"8":[2],"9":[0],"10":[0],"11":[0],"12":[0],"13":[1],"14":[2]}}
,"/Users/suphasan/Desktop/InternshipProject/internal/utils/appError.ts": {"path":"/Users/suphasan/Desktop/InternshipProject/internal/utils/appError.ts","statementMap":{"0":{"start":{"line":1,"column":0},"end":{"line":1,"column":40}},"1":{"start":{"line":7,"column":4},"end":{"line":7,"column":19}},"2":{"start":{"line":8,"column":4},"end":{"line":8,"column":33}},"3":{"start":{"line":9,"column":4},"end":{"line":9,"column":54}},"4":{"start":{"line":10,"column":4},"end":{"line":10,"column":52}},"5":{"start":{"line":14,"column":40},"end":{"line":21,"column":6}},"6":{"start":{"line":22,"column":4},"end":{"line":22,"column":32}},"7":{"start":{"line":26,"column":4},"end":{"line":26,"column":34}},"8":{"start":{"line":29,"column":4},"end":{"line":29,"column":34}},"9":{"start":{"line":32,"column":4},"end":{"line":32,"column":34}},"10":{"start":{"line":35,"column":4},"end":{"line":35,"column":34}},"11":{"start":{"line":38,"column":4},"end":{"line":38,"column":34}},"12":{"start":{"line":41,"column":4},"end":{"line":41,"column":34}},"13":{"start":{"line":45,"column":4},"end":{"line":54,"column":5}},"14":{"start":{"line":46,"column":25},"end":{"line":46,"column":82}},"15":{"start":{"line":48,"column":6},"end":{"line":51,"column":7}},"16":{"start":{"line":49,"column":29},"end":{"line":49,"column":42}},"17":{"start":{"line":50,"column":8},"end":{"line":50,"column":78}},"18":{"start":{"line":53,"column":6},"end":{"line":53,"column":55}},"19":{"start":{"line":56,"column":4},"end":{"line":69,"column":5}},"20":{"start":{"line":57,"column":6},"end":{"line":66,"column":7}},"21":{"start":{"line":59,"column":10},"end":{"line":63,"column":12}},"22":{"start":{"line":65,"column":10},"end":{"line":65,"column":72}},"23":{"start":{"line":68,"column":6},"end":{"line":68,"column":64}},"24":{"start":{"line":71,"column":4},"end":{"line":71,"column":58}},"25":{"start":{"line":3,"column":0},"end":{"line":3,"column":13}}},"fnMap":{"0":{"name":"(anonymous_0)","decl":{"start":{"line":6,"column":2},"end":{"line":6,"column":14}},"loc":{"start":{"line":6,"column":49},"end":{"line":11,"column":3}}},"1":{"name":"(anonymous_1)","decl":{"start":{"line":13,"column":10},"end":{"line":13,"column":16}},"loc":{"start":{"line":13,"column":46},"end":{"line":23,"column":3}}},"2":{"name":"(anonymous_2)","decl":{"start":{"line":25,"column":2},"end":{"line":25,"column":8}},"loc":{"start":{"line":25,"column":31},"end":{"line":27,"column":3}}},"3":{"name":"(anonymous_3)","decl":{"start":{"line":28,"column":2},"end":{"line":28,"column":8}},"loc":{"start":{"line":28,"column":33},"end":{"line":30,"column":3}}},"4":{"name":"(anonymous_4)","decl":{"start":{"line":31,"column":2},"end":{"line":31,"column":8}},"loc":{"start":{"line":31,"column":30},"end":{"line":33,"column":3}}},"5":{"name":"(anonymous_5)","decl":{"start":{"line":34,"column":2},"end":{"line":34,"column":8}},"loc":{"start":{"line":34,"column":29},"end":{"line":36,"column":3}}},"6":{"name":"(anonymous_6)","decl":{"start":{"line":37,"column":2},"end":{"line":37,"column":8}},"loc":{"start":{"line":37,"column":29},"end":{"line":39,"column":3}}},"7":{"name":"(anonymous_7)","decl":{"start":{"line":40,"column":2},"end":{"line":40,"column":8}},"loc":{"start":{"line":40,"column":29},"end":{"line":42,"column":3}}},"8":{"name":"(anonymous_8)","decl":{"start":{"line":44,"column":2},"end":{"line":44,"column":8}},"loc":{"start":{"line":44,"column":39},"end":{"line":72,"column":3}}}},"branchMap":{"0":{"loc":{"start":{"line":22,"column":11},"end":{"line":22,"column":31}},"type":"cond-expr","locations":[{"start":{"line":22,"column":20},"end":{"line":22,"column":24}},{"start":{"line":22,"column":24},"end":{"line":22,"column":31}}]},"1":{"loc":{"start":{"line":22,"column":11},"end":{"line":22,"column":24}},"type":"binary-expr","locations":[{"start":{"line":22,"column":11},"end":{"line":22,"column":24}},{"start":{"line":22,"column":20},"end":{"line":22,"column":24}}]},"2":{"loc":{"start":{"line":45,"column":4},"end":{"line":54,"column":5}},"type":"if","locations":[{"start":{"line":45,"column":4},"end":{"line":54,"column":5}}]},"3":{"loc":{"start":{"line":48,"column":6},"end":{"line":51,"column":7}},"type":"if","locations":[{"start":{"line":48,"column":6},"end":{"line":51,"column":7}}]},"4":{"loc":{"start":{"line":56,"column":4},"end":{"line":69,"column":5}},"type":"if","locations":[{"start":{"line":56,"column":4},"end":{"line":69,"column":5}}]},"5":{"loc":{"start":{"line":57,"column":6},"end":{"line":66,"column":7}},"type":"switch","locations":[{"start":{"line":58,"column":8},"end":{"line":63,"column":12}},{"start":{"line":64,"column":8},"end":{"line":65,"column":72}}]},"6":{"loc":{"start":{"line":60,"column":52},"end":{"line":62,"column":25}},"type":"cond-expr","locations":[{"start":{"line":62,"column":13},"end":{"line":62,"column":15}},{"start":{"line":62,"column":13},"end":{"line":62,"column":25}}]},"7":{"loc":{"start":{"line":60,"column":52},"end":{"line":62,"column":15}},"type":"binary-expr","locations":[{"start":{"line":60,"column":52},"end":{"line":62,"column":15}},{"start":{"line":62,"column":13},"end":{"line":62,"column":15}}]},"8":{"loc":{"start":{"line":61,"column":14},"end":{"line":61,"column":null}},"type":"cond-expr","locations":[{"start":{"line":61,"column":24},"end":{"line":61,"column":26}},{"start":{"line":61,"column":24},"end":{"line":61,"column":null}}]},"9":{"loc":{"start":{"line":61,"column":14},"end":{"line":61,"column":26}},"type":"binary-expr","locations":[{"start":{"line":61,"column":14},"end":{"line":61,"column":26}},{"start":{"line":61,"column":24},"end":{"line":61,"column":26}}]},"10":{"loc":{"start":{"line":65,"column":35},"end":{"line":65,"column":70}},"type":"binary-expr","locations":[{"start":{"line":65,"column":35},"end":{"line":65,"column":48}},{"start":{"line":65,"column":52},"end":{"line":65,"column":70}}]}},"s":{"0":1,"1":14,"2":14,"3":14,"4":14,"5":14,"6":14,"7":0,"8":0,"9":0,"10":0,"11":0,"12":0,"13":0,"14":0,"15":0,"16":0,"17":0,"18":0,"19":0,"20":0,"21":0,"22":0,"23":0,"24":0,"25":1},"f":{"0":14,"1":14,"2":0,"3":0,"4":0,"5":0,"6":0,"7":0,"8":0},"b":{"0":[14,0],"1":[14,14],"2":[0],"3":[0],"4":[0],"5":[0,0],"6":[0,0],"7":[0,0],"8":[0,0],"9":[0,0],"10":[0,0]}}
}
