TN:
SF:internal/service/routeService.ts
FN:9,(anonymous_7)
FN:15,(anonymous_8)
FN:42,(anonymous_10)
FN:56,(anonymous_12)
FN:82,(anonymous_14)
FN:113,(anonymous_16)
FNF:6
FNH:6
FNDA:16,(anonymous_7)
FNDA:1,(anonymous_8)
FNDA:3,(anonymous_10)
FNDA:6,(anonymous_12)
FNDA:3,(anonymous_14)
FNDA:3,(anonymous_16)
DA:5,1
DA:6,1
DA:8,1
DA:10,16
DA:11,16
DA:12,16
DA:21,1
DA:23,1
DA:24,1
DA:26,1
DA:33,1
DA:43,3
DA:45,3
DA:46,1
DA:49,2
DA:50,1
DA:53,1
DA:57,6
DA:58,6
DA:61,0
DA:62,0
DA:63,0
DA:66,0
DA:67,0
DA:70,0
DA:71,0
DA:72,0
DA:75,0
DA:76,0
DA:79,0
DA:83,3
DA:84,3
DA:85,1
DA:88,2
DA:89,2
DA:92,0
DA:93,0
DA:94,0
DA:97,0
DA:98,0
DA:101,0
DA:102,0
DA:103,0
DA:106,0
DA:107,0
DA:110,0
DA:114,3
DA:115,3
DA:116,1
DA:119,2
DA:120,2
DA:123,0
LF:52
LH:29
BRDA:45,0,0,1
BRDA:49,1,0,1
BRDA:57,2,0,6
BRDA:62,3,0,0
BRDA:66,4,0,0
BRDA:71,5,0,0
BRDA:75,6,0,0
BRDA:84,7,0,1
BRDA:88,8,0,2
BRDA:93,9,0,0
BRDA:97,10,0,0
BRDA:102,11,0,0
BRDA:106,12,0,0
BRDA:115,13,0,1
BRDA:119,14,0,2
BRF:15
BRH:7
end_of_record
TN:
SF:internal/utils/appError.ts
FN:6,(anonymous_0)
FN:13,(anonymous_1)
FN:25,(anonymous_2)
FN:28,(anonymous_3)
FN:31,(anonymous_4)
FN:34,(anonymous_5)
FN:37,(anonymous_6)
FN:40,(anonymous_7)
FN:44,(anonymous_8)
FNF:9
FNH:2
FNDA:14,(anonymous_0)
FNDA:14,(anonymous_1)
FNDA:0,(anonymous_2)
FNDA:0,(anonymous_3)
FNDA:0,(anonymous_4)
FNDA:0,(anonymous_5)
FNDA:0,(anonymous_6)
FNDA:0,(anonymous_7)
FNDA:0,(anonymous_8)
DA:1,1
DA:3,1
DA:7,14
DA:8,14
DA:9,14
DA:10,14
DA:14,14
DA:22,14
DA:26,0
DA:29,0
DA:32,0
DA:35,0
DA:38,0
DA:41,0
DA:45,0
DA:46,0
DA:48,0
DA:49,0
DA:50,0
DA:53,0
DA:56,0
DA:57,0
DA:59,0
DA:65,0
DA:68,0
DA:71,0
LF:26
LH:8
BRDA:22,0,0,14
BRDA:22,0,1,0
BRDA:22,1,0,14
BRDA:22,1,1,14
BRDA:45,2,0,0
BRDA:48,3,0,0
BRDA:56,4,0,0
BRDA:57,5,0,0
BRDA:57,5,1,0
BRDA:60,6,0,0
BRDA:60,6,1,0
BRDA:60,7,0,0
BRDA:60,7,1,0
BRDA:61,8,0,0
BRDA:61,8,1,0
BRDA:61,9,0,0
BRDA:61,9,1,0
BRDA:65,10,0,0
BRDA:65,10,1,0
BRF:19
BRH:3
end_of_record
